Performing C SOURCE FILE Test CMAKE_HAVE_LIBC_PTHREAD failed with the following output:
Change Dir: /mnt/c/Users/mikec/Documents/GitHub/pbrt-v3/build/CMakeFiles/CMakeTmp

Run Build Command(s):/usr/bin/make cmTC_60be5/fast && /usr/bin/make -f CMakeFiles/cmTC_60be5.dir/build.make CMakeFiles/cmTC_60be5.dir/build
make[1]: Entering directory '/mnt/c/Users/mikec/Documents/GitHub/pbrt-v3/build/CMakeFiles/CMakeTmp'
Building C object CMakeFiles/cmTC_60be5.dir/src.c.o
/usr/bin/cc   -DCMAKE_HAVE_LIBC_PTHREAD   -o CMakeFiles/cmTC_60be5.dir/src.c.o   -c /mnt/c/Users/mikec/Documents/GitHub/pbrt-v3/build/CMakeFiles/CMakeTmp/src.c
Linking C executable cmTC_60be5
/usr/bin/cmake -E cmake_link_script CMakeFiles/cmTC_60be5.dir/link.txt --verbose=1
/usr/bin/cc  -DCMAKE_HAVE_LIBC_PTHREAD    -rdynamic CMakeFiles/cmTC_60be5.dir/src.c.o  -o cmTC_60be5 
/usr/bin/ld: CMakeFiles/cmTC_60be5.dir/src.c.o: in function `main':
src.c:(.text+0x46): undefined reference to `pthread_create'
/usr/bin/ld: src.c:(.text+0x52): undefined reference to `pthread_detach'
/usr/bin/ld: src.c:(.text+0x63): undefined reference to `pthread_join'
collect2: error: ld returned 1 exit status
make[1]: *** [CMakeFiles/cmTC_60be5.dir/build.make:87: cmTC_60be5] Error 1
make[1]: Leaving directory '/mnt/c/Users/mikec/Documents/GitHub/pbrt-v3/build/CMakeFiles/CMakeTmp'
make: *** [Makefile:121: cmTC_60be5/fast] Error 2


Source file was:
#include <pthread.h>

void* test_func(void* data)
{
  return data;
}

int main(void)
{
  pthread_t thread;
  pthread_create(&thread, NULL, test_func, NULL);
  pthread_detach(thread);
  pthread_join(thread, NULL);
  pthread_atfork(NULL, NULL, NULL);
  pthread_exit(NULL);

  return 0;
}

Determining if the function pthread_create exists in the pthreads failed with the following output:
Change Dir: /mnt/c/Users/mikec/Documents/GitHub/pbrt-v3/build/CMakeFiles/CMakeTmp

Run Build Command(s):/usr/bin/make cmTC_aa07d/fast && /usr/bin/make -f CMakeFiles/cmTC_aa07d.dir/build.make CMakeFiles/cmTC_aa07d.dir/build
make[1]: Entering directory '/mnt/c/Users/mikec/Documents/GitHub/pbrt-v3/build/CMakeFiles/CMakeTmp'
Building C object CMakeFiles/cmTC_aa07d.dir/CheckFunctionExists.c.o
/usr/bin/cc   -DCHECK_FUNCTION_EXISTS=pthread_create   -o CMakeFiles/cmTC_aa07d.dir/CheckFunctionExists.c.o   -c /usr/share/cmake-3.16/Modules/CheckFunctionExists.c
Linking C executable cmTC_aa07d
/usr/bin/cmake -E cmake_link_script CMakeFiles/cmTC_aa07d.dir/link.txt --verbose=1
/usr/bin/cc  -DCHECK_FUNCTION_EXISTS=pthread_create    -rdynamic CMakeFiles/cmTC_aa07d.dir/CheckFunctionExists.c.o  -o cmTC_aa07d  -lpthreads 
/usr/bin/ld: cannot find -lpthreads
collect2: error: ld returned 1 exit status
make[1]: *** [CMakeFiles/cmTC_aa07d.dir/build.make:87: cmTC_aa07d] Error 1
make[1]: Leaving directory '/mnt/c/Users/mikec/Documents/GitHub/pbrt-v3/build/CMakeFiles/CMakeTmp'
make: *** [Makefile:121: cmTC_aa07d/fast] Error 2



Performing C++ SOURCE FILE Test HAVE_ITIMER failed with the following output:
Change Dir: /mnt/c/Users/mikec/Documents/GitHub/pbrt-v3/build/CMakeFiles/CMakeTmp

Run Build Command(s):/usr/bin/make cmTC_505d6/fast && /usr/bin/make -f CMakeFiles/cmTC_505d6.dir/build.make CMakeFiles/cmTC_505d6.dir/build
make[1]: Entering directory '/mnt/c/Users/mikec/Documents/GitHub/pbrt-v3/build/CMakeFiles/CMakeTmp'
Building CXX object CMakeFiles/cmTC_505d6.dir/src.cxx.o
/usr/bin/c++    -std=gnu++11 -Wno-conversion-null -DHAVE_ITIMER   -o CMakeFiles/cmTC_505d6.dir/src.cxx.o -c /mnt/c/Users/mikec/Documents/GitHub/pbrt-v3/build/CMakeFiles/CMakeTmp/src.cxx
Linking CXX executable cmTC_505d6
/usr/bin/cmake -E cmake_link_script CMakeFiles/cmTC_505d6.dir/link.txt --verbose=1
/usr/bin/c++   -std=gnu++11 -Wno-conversion-null -DHAVE_ITIMER    -rdynamic CMakeFiles/cmTC_505d6.dir/src.cxx.o  -o cmTC_505d6 
make[1]: Leaving directory '/mnt/c/Users/mikec/Documents/GitHub/pbrt-v3/build/CMakeFiles/CMakeTmp'


...and run output:

Return value: 1
Source file was:

#include <signal.h>
#include <string.h>
#include <sys/time.h>
void ReportProfileSample(int, siginfo_t *, void *) { }
int main() {
    struct sigaction sa;
    memset(&sa, 0, sizeof(sa));
    sa.sa_sigaction = ReportProfileSample;
    sa.sa_flags = SA_RESTART | SA_SIGINFO;
    sigemptyset(&sa.sa_mask);
    sigaction(SIGPROF, &sa, NULL);
    static struct itimerval timer;
    return setitimer(ITIMER_PROF, &timer, NULL) == 0 ? 0 : 1;
}

Performing C++ SOURCE FILE Test HAVE_DECLSPEC_NOINLINE failed with the following output:
Change Dir: /mnt/c/Users/mikec/Documents/GitHub/pbrt-v3/build/CMakeFiles/CMakeTmp

Run Build Command(s):/usr/bin/make cmTC_23c00/fast && /usr/bin/make -f CMakeFiles/cmTC_23c00.dir/build.make CMakeFiles/cmTC_23c00.dir/build
make[1]: Entering directory '/mnt/c/Users/mikec/Documents/GitHub/pbrt-v3/build/CMakeFiles/CMakeTmp'
Building CXX object CMakeFiles/cmTC_23c00.dir/src.cxx.o
/usr/bin/c++    -std=gnu++11 -Wno-conversion-null -DHAVE_DECLSPEC_NOINLINE   -o CMakeFiles/cmTC_23c00.dir/src.cxx.o -c /mnt/c/Users/mikec/Documents/GitHub/pbrt-v3/build/CMakeFiles/CMakeTmp/src.cxx
/mnt/c/Users/mikec/Documents/GitHub/pbrt-v3/build/CMakeFiles/CMakeTmp/src.cxx:1:11: error: expected constructor, destructor, or type conversion before ‘(’ token
    1 | __declspec(noinline) void foo() { }
      |           ^
make[1]: *** [CMakeFiles/cmTC_23c00.dir/build.make:66: CMakeFiles/cmTC_23c00.dir/src.cxx.o] Error 1
make[1]: Leaving directory '/mnt/c/Users/mikec/Documents/GitHub/pbrt-v3/build/CMakeFiles/CMakeTmp'
make: *** [Makefile:121: cmTC_23c00/fast] Error 2


Source file was:
__declspec(noinline) void foo() { }
int main() { }
Performing C++ SOURCE FILE Test HAVE__ALIGNED_MALLOC failed with the following output:
Change Dir: /mnt/c/Users/mikec/Documents/GitHub/pbrt-v3/build/CMakeFiles/CMakeTmp

Run Build Command(s):/usr/bin/make cmTC_e5a40/fast && /usr/bin/make -f CMakeFiles/cmTC_e5a40.dir/build.make CMakeFiles/cmTC_e5a40.dir/build
make[1]: Entering directory '/mnt/c/Users/mikec/Documents/GitHub/pbrt-v3/build/CMakeFiles/CMakeTmp'
Building CXX object CMakeFiles/cmTC_e5a40.dir/src.cxx.o
/usr/bin/c++    -std=gnu++11 -Wno-conversion-null -DHAVE__ALIGNED_MALLOC   -o CMakeFiles/cmTC_e5a40.dir/src.cxx.o -c /mnt/c/Users/mikec/Documents/GitHub/pbrt-v3/build/CMakeFiles/CMakeTmp/src.cxx
/mnt/c/Users/mikec/Documents/GitHub/pbrt-v3/build/CMakeFiles/CMakeTmp/src.cxx: In function ‘int main()’:
/mnt/c/Users/mikec/Documents/GitHub/pbrt-v3/build/CMakeFiles/CMakeTmp/src.cxx:3:27: error: ‘_aligned_malloc’ was not declared in this scope
    3 | int main() { void * ptr = _aligned_malloc(1024, 32); }
      |                           ^~~~~~~~~~~~~~~
make[1]: *** [CMakeFiles/cmTC_e5a40.dir/build.make:66: CMakeFiles/cmTC_e5a40.dir/src.cxx.o] Error 1
make[1]: Leaving directory '/mnt/c/Users/mikec/Documents/GitHub/pbrt-v3/build/CMakeFiles/CMakeTmp'
make: *** [Makefile:121: cmTC_e5a40/fast] Error 2


Source file was:

#include <malloc.h>
int main() { void * ptr = _aligned_malloc(1024, 32); }

Performing C++ SOURCE FILE Test HAVE_DECLSPEC_THREAD failed with the following output:
Change Dir: /mnt/c/Users/mikec/Documents/GitHub/pbrt-v3/build/CMakeFiles/CMakeTmp

Run Build Command(s):/usr/bin/make cmTC_d03a8/fast && /usr/bin/make -f CMakeFiles/cmTC_d03a8.dir/build.make CMakeFiles/cmTC_d03a8.dir/build
make[1]: Entering directory '/mnt/c/Users/mikec/Documents/GitHub/pbrt-v3/build/CMakeFiles/CMakeTmp'
Building CXX object CMakeFiles/cmTC_d03a8.dir/src.cxx.o
/usr/bin/c++    -std=gnu++11 -Wno-conversion-null -DHAVE_DECLSPEC_THREAD   -o CMakeFiles/cmTC_d03a8.dir/src.cxx.o -c /mnt/c/Users/mikec/Documents/GitHub/pbrt-v3/build/CMakeFiles/CMakeTmp/src.cxx
/mnt/c/Users/mikec/Documents/GitHub/pbrt-v3/build/CMakeFiles/CMakeTmp/src.cxx:2:11: error: expected constructor, destructor, or type conversion before ‘(’ token
    2 | __declspec(thread) int x; int main() { }
      |           ^
make[1]: *** [CMakeFiles/cmTC_d03a8.dir/build.make:66: CMakeFiles/cmTC_d03a8.dir/src.cxx.o] Error 1
make[1]: Leaving directory '/mnt/c/Users/mikec/Documents/GitHub/pbrt-v3/build/CMakeFiles/CMakeTmp'
make: *** [Makefile:121: cmTC_d03a8/fast] Error 2


Source file was:

__declspec(thread) int x; int main() { }

Determining if the include file libunwind.h exists failed with the following output:
Change Dir: /mnt/c/Users/mikec/Documents/GitHub/pbrt-v3/build/CMakeFiles/CMakeTmp

Run Build Command(s):/usr/bin/make cmTC_0d33e/fast && /usr/bin/make -f CMakeFiles/cmTC_0d33e.dir/build.make CMakeFiles/cmTC_0d33e.dir/build
make[1]: Entering directory '/mnt/c/Users/mikec/Documents/GitHub/pbrt-v3/build/CMakeFiles/CMakeTmp'
Building C object CMakeFiles/cmTC_0d33e.dir/CheckIncludeFile.c.o
/usr/bin/cc    -o CMakeFiles/cmTC_0d33e.dir/CheckIncludeFile.c.o   -c /mnt/c/Users/mikec/Documents/GitHub/pbrt-v3/build/CMakeFiles/CMakeTmp/CheckIncludeFile.c
/mnt/c/Users/mikec/Documents/GitHub/pbrt-v3/build/CMakeFiles/CMakeTmp/CheckIncludeFile.c:1:10: fatal error: libunwind.h: No such file or directory
    1 | #include <libunwind.h>
      |          ^~~~~~~~~~~~~
compilation terminated.
make[1]: *** [CMakeFiles/cmTC_0d33e.dir/build.make:66: CMakeFiles/cmTC_0d33e.dir/CheckIncludeFile.c.o] Error 1
make[1]: Leaving directory '/mnt/c/Users/mikec/Documents/GitHub/pbrt-v3/build/CMakeFiles/CMakeTmp'
make: *** [Makefile:121: cmTC_0d33e/fast] Error 2



Determining size of unsigned __int16 failed with the following output:
Change Dir: /mnt/c/Users/mikec/Documents/GitHub/pbrt-v3/build/CMakeFiles/CMakeTmp

Run Build Command(s):/usr/bin/make cmTC_f0e90/fast && /usr/bin/make -f CMakeFiles/cmTC_f0e90.dir/build.make CMakeFiles/cmTC_f0e90.dir/build
make[1]: Entering directory '/mnt/c/Users/mikec/Documents/GitHub/pbrt-v3/build/CMakeFiles/CMakeTmp'
Building C object CMakeFiles/cmTC_f0e90.dir/HAVE___UINT16.c.o
/usr/bin/cc    -o CMakeFiles/cmTC_f0e90.dir/HAVE___UINT16.c.o   -c /mnt/c/Users/mikec/Documents/GitHub/pbrt-v3/build/CMakeFiles/CheckTypeSize/HAVE___UINT16.c
/mnt/c/Users/mikec/Documents/GitHub/pbrt-v3/build/CMakeFiles/CheckTypeSize/HAVE___UINT16.c:23:31: error: expected ‘)’ before ‘__int16’
   23 | #define SIZE (sizeof(unsigned __int16))
      |                     ~         ^~~~~~~
/mnt/c/Users/mikec/Documents/GitHub/pbrt-v3/build/CMakeFiles/CheckTypeSize/HAVE___UINT16.c:25:12: note: in expansion of macro ‘SIZE’
   25 |   ('0' + ((SIZE / 10000)%10)),
      |            ^~~~
/mnt/c/Users/mikec/Documents/GitHub/pbrt-v3/build/CMakeFiles/CheckTypeSize/HAVE___UINT16.c:23:31: error: expected ‘)’ before ‘__int16’
   23 | #define SIZE (sizeof(unsigned __int16))
      |                     ~         ^~~~~~~
/mnt/c/Users/mikec/Documents/GitHub/pbrt-v3/build/CMakeFiles/CheckTypeSize/HAVE___UINT16.c:26:12: note: in expansion of macro ‘SIZE’
   26 |   ('0' + ((SIZE / 1000)%10)),
      |            ^~~~
/mnt/c/Users/mikec/Documents/GitHub/pbrt-v3/build/CMakeFiles/CheckTypeSize/HAVE___UINT16.c:23:31: error: expected ‘)’ before ‘__int16’
   23 | #define SIZE (sizeof(unsigned __int16))
      |                     ~         ^~~~~~~
/mnt/c/Users/mikec/Documents/GitHub/pbrt-v3/build/CMakeFiles/CheckTypeSize/HAVE___UINT16.c:27:12: note: in expansion of macro ‘SIZE’
   27 |   ('0' + ((SIZE / 100)%10)),
      |            ^~~~
/mnt/c/Users/mikec/Documents/GitHub/pbrt-v3/build/CMakeFiles/CheckTypeSize/HAVE___UINT16.c:23:31: error: expected ‘)’ before ‘__int16’
   23 | #define SIZE (sizeof(unsigned __int16))
      |                     ~         ^~~~~~~
/mnt/c/Users/mikec/Documents/GitHub/pbrt-v3/build/CMakeFiles/CheckTypeSize/HAVE___UINT16.c:28:12: note: in expansion of macro ‘SIZE’
   28 |   ('0' + ((SIZE / 10)%10)),
      |            ^~~~
/mnt/c/Users/mikec/Documents/GitHub/pbrt-v3/build/CMakeFiles/CheckTypeSize/HAVE___UINT16.c:23:31: error: expected ‘)’ before ‘__int16’
   23 | #define SIZE (sizeof(unsigned __int16))
      |                     ~         ^~~~~~~
/mnt/c/Users/mikec/Documents/GitHub/pbrt-v3/build/CMakeFiles/CheckTypeSize/HAVE___UINT16.c:29:12: note: in expansion of macro ‘SIZE’
   29 |   ('0' +  (SIZE    % 10)),
      |            ^~~~
make[1]: *** [CMakeFiles/cmTC_f0e90.dir/build.make:66: CMakeFiles/cmTC_f0e90.dir/HAVE___UINT16.c.o] Error 1
make[1]: Leaving directory '/mnt/c/Users/mikec/Documents/GitHub/pbrt-v3/build/CMakeFiles/CMakeTmp'
make: *** [Makefile:121: cmTC_f0e90/fast] Error 2


/mnt/c/Users/mikec/Documents/GitHub/pbrt-v3/build/CMakeFiles/CheckTypeSize/HAVE___UINT16.c:
#include <sys/types.h>
#include <stdint.h>
#include <stddef.h>


#undef KEY
#if defined(__i386)
# define KEY '_','_','i','3','8','6'
#elif defined(__x86_64)
# define KEY '_','_','x','8','6','_','6','4'
#elif defined(__ppc__)
# define KEY '_','_','p','p','c','_','_'
#elif defined(__ppc64__)
# define KEY '_','_','p','p','c','6','4','_','_'
#elif defined(__aarch64__)
# define KEY '_','_','a','a','r','c','h','6','4','_','_'
#elif defined(__ARM_ARCH_7A__)
# define KEY '_','_','A','R','M','_','A','R','C','H','_','7','A','_','_'
#elif defined(__ARM_ARCH_7S__)
# define KEY '_','_','A','R','M','_','A','R','C','H','_','7','S','_','_'
#endif

#define SIZE (sizeof(unsigned __int16))
static char info_size[] =  {'I', 'N', 'F', 'O', ':', 's','i','z','e','[',
  ('0' + ((SIZE / 10000)%10)),
  ('0' + ((SIZE / 1000)%10)),
  ('0' + ((SIZE / 100)%10)),
  ('0' + ((SIZE / 10)%10)),
  ('0' +  (SIZE    % 10)),
  ']',
#ifdef KEY
  ' ','k','e','y','[', KEY, ']',
#endif
  '\0'};

#ifdef __CLASSIC_C__
int main(argc, argv) int argc; char *argv[];
#else
int main(int argc, char *argv[])
#endif
{
  int require = 0;
  require += info_size[argc];
  (void)argv;
  return require;
}


Determining if the function dladdr exists failed with the following output:
Change Dir: /mnt/c/Users/mikec/Documents/GitHub/pbrt-v3/build/CMakeFiles/CMakeTmp

Run Build Command(s):/usr/bin/make cmTC_fc758/fast && /usr/bin/make -f CMakeFiles/cmTC_fc758.dir/build.make CMakeFiles/cmTC_fc758.dir/build
make[1]: Entering directory '/mnt/c/Users/mikec/Documents/GitHub/pbrt-v3/build/CMakeFiles/CMakeTmp'
Building C object CMakeFiles/cmTC_fc758.dir/CheckFunctionExists.c.o
/usr/bin/cc   -DCHECK_FUNCTION_EXISTS=dladdr   -o CMakeFiles/cmTC_fc758.dir/CheckFunctionExists.c.o   -c /usr/share/cmake-3.16/Modules/CheckFunctionExists.c
Linking C executable cmTC_fc758
/usr/bin/cmake -E cmake_link_script CMakeFiles/cmTC_fc758.dir/link.txt --verbose=1
/usr/bin/cc  -DCHECK_FUNCTION_EXISTS=dladdr    -rdynamic CMakeFiles/cmTC_fc758.dir/CheckFunctionExists.c.o  -o cmTC_fc758 
/usr/bin/ld: CMakeFiles/cmTC_fc758.dir/CheckFunctionExists.c.o: in function `main':
CheckFunctionExists.c:(.text+0x14): undefined reference to `dladdr'
collect2: error: ld returned 1 exit status
make[1]: *** [CMakeFiles/cmTC_fc758.dir/build.make:87: cmTC_fc758] Error 1
make[1]: Leaving directory '/mnt/c/Users/mikec/Documents/GitHub/pbrt-v3/build/CMakeFiles/CMakeTmp'
make: *** [Makefile:121: cmTC_fc758/fast] Error 2



Determining if the function get_static_proc_name exists in the unwind failed with the following output:
Change Dir: /mnt/c/Users/mikec/Documents/GitHub/pbrt-v3/build/CMakeFiles/CMakeTmp

Run Build Command(s):/usr/bin/make cmTC_53f64/fast && /usr/bin/make -f CMakeFiles/cmTC_53f64.dir/build.make CMakeFiles/cmTC_53f64.dir/build
make[1]: Entering directory '/mnt/c/Users/mikec/Documents/GitHub/pbrt-v3/build/CMakeFiles/CMakeTmp'
Building C object CMakeFiles/cmTC_53f64.dir/CheckFunctionExists.c.o
/usr/bin/cc   -DCHECK_FUNCTION_EXISTS=get_static_proc_name   -o CMakeFiles/cmTC_53f64.dir/CheckFunctionExists.c.o   -c /usr/share/cmake-3.16/Modules/CheckFunctionExists.c
Linking C executable cmTC_53f64
/usr/bin/cmake -E cmake_link_script CMakeFiles/cmTC_53f64.dir/link.txt --verbose=1
/usr/bin/cc  -DCHECK_FUNCTION_EXISTS=get_static_proc_name    -rdynamic CMakeFiles/cmTC_53f64.dir/CheckFunctionExists.c.o  -o cmTC_53f64  -lunwind 
/usr/bin/ld: cannot find -lunwind
collect2: error: ld returned 1 exit status
make[1]: *** [CMakeFiles/cmTC_53f64.dir/build.make:87: cmTC_53f64] Error 1
make[1]: Leaving directory '/mnt/c/Users/mikec/Documents/GitHub/pbrt-v3/build/CMakeFiles/CMakeTmp'
make: *** [Makefile:121: cmTC_53f64/fast] Error 2



Performing C SOURCE FILE Test HAVE_RWLOCK failed with the following output:
Change Dir: /mnt/c/Users/mikec/Documents/GitHub/pbrt-v3/build/CMakeFiles/CMakeTmp

Run Build Command(s):/usr/bin/make cmTC_74d59/fast && /usr/bin/make -f CMakeFiles/cmTC_74d59.dir/build.make CMakeFiles/cmTC_74d59.dir/build
make[1]: Entering directory '/mnt/c/Users/mikec/Documents/GitHub/pbrt-v3/build/CMakeFiles/CMakeTmp'
Building C object CMakeFiles/cmTC_74d59.dir/src.c.o
/usr/bin/cc   -DHAVE_RWLOCK   -o CMakeFiles/cmTC_74d59.dir/src.c.o   -c /mnt/c/Users/mikec/Documents/GitHub/pbrt-v3/build/CMakeFiles/CMakeTmp/src.c
Linking C executable cmTC_74d59
/usr/bin/cmake -E cmake_link_script CMakeFiles/cmTC_74d59.dir/link.txt --verbose=1
/usr/bin/cc  -DHAVE_RWLOCK    -rdynamic CMakeFiles/cmTC_74d59.dir/src.c.o  -o cmTC_74d59 
/usr/bin/ld: CMakeFiles/cmTC_74d59.dir/src.c.o: in function `main':
src.c:(.text+0x28): undefined reference to `pthread_rwlock_init'
/usr/bin/ld: src.c:(.text+0x34): undefined reference to `pthread_rwlock_rdlock'
collect2: error: ld returned 1 exit status
make[1]: *** [CMakeFiles/cmTC_74d59.dir/build.make:87: cmTC_74d59] Error 1
make[1]: Leaving directory '/mnt/c/Users/mikec/Documents/GitHub/pbrt-v3/build/CMakeFiles/CMakeTmp'
make: *** [Makefile:121: cmTC_74d59/fast] Error 2


Source file was:

#define _XOPEN_SOURCE 500
#include <pthread.h>
int main(void)
{
  pthread_rwlock_t l;
  pthread_rwlock_init(&l, NULL);
  pthread_rwlock_rdlock(&l);
  return 0;
}

Performing C SOURCE FILE Test HAVE___DECLSPEC failed with the following output:
Change Dir: /mnt/c/Users/mikec/Documents/GitHub/pbrt-v3/build/CMakeFiles/CMakeTmp

Run Build Command(s):/usr/bin/make cmTC_fd180/fast && /usr/bin/make -f CMakeFiles/cmTC_fd180.dir/build.make CMakeFiles/cmTC_fd180.dir/build
make[1]: Entering directory '/mnt/c/Users/mikec/Documents/GitHub/pbrt-v3/build/CMakeFiles/CMakeTmp'
Building C object CMakeFiles/cmTC_fd180.dir/src.c.o
/usr/bin/cc   -DHAVE___DECLSPEC   -o CMakeFiles/cmTC_fd180.dir/src.c.o   -c /mnt/c/Users/mikec/Documents/GitHub/pbrt-v3/build/CMakeFiles/CMakeTmp/src.c
/mnt/c/Users/mikec/Documents/GitHub/pbrt-v3/build/CMakeFiles/CMakeTmp/src.c:2:1: warning: return type defaults to ‘int’ [-Wimplicit-int]
    2 | __declspec(selectany) int a;
      | ^~~~~~~~~~
/mnt/c/Users/mikec/Documents/GitHub/pbrt-v3/build/CMakeFiles/CMakeTmp/src.c: In function ‘__declspec’:
/mnt/c/Users/mikec/Documents/GitHub/pbrt-v3/build/CMakeFiles/CMakeTmp/src.c:3:16: error: expected ‘=’, ‘,’, ‘;’, ‘asm’ or ‘__attribute__’ before ‘{’ token
    3 | int main(void) { return 0; }
      |                ^
/mnt/c/Users/mikec/Documents/GitHub/pbrt-v3/build/CMakeFiles/CMakeTmp/src.c:2:1: warning: type of ‘selectany’ defaults to ‘int’ [-Wimplicit-int]
    2 | __declspec(selectany) int a;
      | ^~~~~~~~~~
/mnt/c/Users/mikec/Documents/GitHub/pbrt-v3/build/CMakeFiles/CMakeTmp/src.c:2:27: error: declaration for parameter ‘a’ but no such parameter
    2 | __declspec(selectany) int a;
      |                           ^
/mnt/c/Users/mikec/Documents/GitHub/pbrt-v3/build/CMakeFiles/CMakeTmp/src.c:4: error: expected ‘{’ at end of input
    4 | 
      | 
make[1]: *** [CMakeFiles/cmTC_fd180.dir/build.make:66: CMakeFiles/cmTC_fd180.dir/src.c.o] Error 1
make[1]: Leaving directory '/mnt/c/Users/mikec/Documents/GitHub/pbrt-v3/build/CMakeFiles/CMakeTmp'
make: *** [Makefile:121: cmTC_fd180/fast] Error 2


Source file was:

__declspec(selectany) int a;
int main(void) { return 0; }

Performing C++ SOURCE FILE Test STL_NO_NAMESPACE failed with the following output:
Change Dir: /mnt/c/Users/mikec/Documents/GitHub/pbrt-v3/build/CMakeFiles/CMakeTmp

Run Build Command(s):/usr/bin/make cmTC_623bf/fast && /usr/bin/make -f CMakeFiles/cmTC_623bf.dir/build.make CMakeFiles/cmTC_623bf.dir/build
make[1]: Entering directory '/mnt/c/Users/mikec/Documents/GitHub/pbrt-v3/build/CMakeFiles/CMakeTmp'
Building CXX object CMakeFiles/cmTC_623bf.dir/src.cxx.o
/usr/bin/c++    -std=gnu++11 -Wno-conversion-null -DSTL_NO_NAMESPACE   -o CMakeFiles/cmTC_623bf.dir/src.cxx.o -c /mnt/c/Users/mikec/Documents/GitHub/pbrt-v3/build/CMakeFiles/CMakeTmp/src.cxx
/mnt/c/Users/mikec/Documents/GitHub/pbrt-v3/build/CMakeFiles/CMakeTmp/src.cxx:3:1: error: ‘vector’ does not name a type
    3 | vector<int> t; int main() { }
      | ^~~~~~
make[1]: *** [CMakeFiles/cmTC_623bf.dir/build.make:66: CMakeFiles/cmTC_623bf.dir/src.cxx.o] Error 1
make[1]: Leaving directory '/mnt/c/Users/mikec/Documents/GitHub/pbrt-v3/build/CMakeFiles/CMakeTmp'
make: *** [Makefile:121: cmTC_623bf/fast] Error 2


Source file was:

#include <vector>
vector<int> t; int main() { }

